Build started 6/8/2015 9:43:00 PM.
     1>Project "F:\CS172\HW05\12_25\12_25\12_25.vcxproj" on node 2 (Build target(s)).
     1>ClCompile:
         C:\Program Files (x86)\Microsoft Visual Studio 12.0\VC\bin\CL.exe /c /ZI /nologo /W3 /WX- /Od /Oy- /D WIN32 /D _DEBUG /D _CONSOLE /D _LIB /D _UNICODE /D UNICODE /Gm /EHsc /RTC1 /MDd /GS /fp:precise /Zc:wchar_t /Zc:forScope /Fo"Debug\\" /Fd"Debug\vc120.pdb" /FR"Debug\\" /Gd /TP /analyze- /errorReport:prompt Account.cpp Date.cpp TestAccountClass.cpp Transaction.cpp
         Transaction.cpp
         TestAccountClass.cpp
         Date.cpp
         Account.cpp
         Generating Code...
       Link:
         C:\Program Files (x86)\Microsoft Visual Studio 12.0\VC\bin\link.exe /ERRORREPORT:PROMPT /OUT:"F:\CS172\HW05\12_25\Debug\12_25.exe" /INCREMENTAL /NOLOGO kernel32.lib user32.lib gdi32.lib winspool.lib comdlg32.lib advapi32.lib shell32.lib ole32.lib oleaut32.lib uuid.lib odbc32.lib odbccp32.lib /MANIFEST /MANIFESTUAC:"level='asInvoker' uiAccess='false'" /manifest:embed /DEBUG /PDB:"F:\CS172\HW05\12_25\Debug\12_25.pdb" /SUBSYSTEM:CONSOLE /TLBID:1 /DYNAMICBASE /NXCOMPAT /IMPLIB:"F:\CS172\HW05\12_25\Debug\12_25.lib" /MACHINE:X86 Debug\Account.obj
         Debug\Date.obj
         Debug\TestAccountClass.obj
         Debug\Transaction.obj
         12_25.vcxproj -> F:\CS172\HW05\12_25\Debug\12_25.exe
       BscMake:
         C:\Program Files (x86)\Microsoft Visual Studio 12.0\VC\bin\bscmake.exe /nologo /o"F:\CS172\HW05\12_25\Debug\12_25.bsc" /n Debug\Account.sbr Debug\Date.sbr Debug\TestAccountClass.sbr Debug\Transaction.sbr
     1>Done Building Project "F:\CS172\HW05\12_25\12_25\12_25.vcxproj" (Build target(s)).

Build succeeded.

Time Elapsed 00:00:28.91
